Copyright 1986-2018 Xilinx, Inc. All Rights Reserved.
-----------------------------------------------------------------------------------------------------------------------------------------------------------------
| Tool Version : Vivado v.2018.3 (win64) Build 2405991 Thu Dec  6 23:38:27 MST 2018
| Date         : Tue Jun  1 22:07:48 2021
| Host         : SD-20201210FKAA running 64-bit major release  (build 9200)
| Command      : report_methodology -file flash_led_methodology_drc_routed.rpt -pb flash_led_methodology_drc_routed.pb -rpx flash_led_methodology_drc_routed.rpx
| Design       : flash_led
| Device       : xc7z010clg400-1
| Speed File   : -1
| Design State : Fully Routed
-----------------------------------------------------------------------------------------------------------------------------------------------------------------

Report Methodology

Table of Contents
-----------------
1. REPORT SUMMARY
2. REPORT DETAILS

1. REPORT SUMMARY
-----------------
            Netlist: netlist
          Floorplan: design_1
      Design limits: <entire design considered>
             Max violations: <unlimited>
             Violations found: 2
+-----------+----------+-------------------------------+------------+
| Rule      | Severity | Description                   | Violations |
+-----------+----------+-------------------------------+------------+
| TIMING-18 | Warning  | Missing input or output delay | 2          |
+-----------+----------+-------------------------------+------------+

2. REPORT DETAILS
-----------------
TIMING-18#1 Warning
Missing input or output delay  
An input delay is missing on rst_n relative to clock(s) clk
Related violations: <none>

TIMING-18#2 Warning
Missing input or output delay  
An output delay is missing on led_o relative to clock(s) clk
Related violations: <none>


