Flow report for hello_world
Wed Apr 21 10:27:15 2021
Quartus II 64-Bit Version 13.1.0 Build 162 10/23/2013 SJ Full Version


---------------------
; Table of Contents ;
---------------------
  1. Legal Notice
  2. Flow Summary
  3. Flow Settings
  4. Flow Non-Default Global Settings
  5. Flow Elapsed Time
  6. Flow OS Summary
  7. Flow Log
  8. Flow Messages
  9. Flow Suppressed Messages



----------------
; Legal Notice ;
----------------
Copyright (C) 1991-2013 Altera Corporation
Your use of Altera Corporation's design tools, logic functions 
and other software and tools, and its AMPP partner logic 
functions, and any output files from any of the foregoing 
(including device programming or simulation files), and any 
associated documentation or information are expressly subject 
to the terms and conditions of the Altera Program License 
Subscription Agreement, Altera MegaCore Function License 
Agreement, or other applicable license agreement, including, 
without limitation, that your use is for the sole purpose of 
programming logic devices manufactured by Altera and sold by 
Altera or its authorized distributors.  Please refer to the 
applicable agreement for further details.



+----------------------------------------------------------------------------------+
; Flow Summary                                                                     ;
+------------------------------------+---------------------------------------------+
; Flow Status                        ; Successful - Wed Apr 21 10:27:07 2021       ;
; Quartus II 64-Bit Version          ; 13.1.0 Build 162 10/23/2013 SJ Full Version ;
; Revision Name                      ; hello_world                                 ;
; Top-level Entity Name              ; hello_world                                 ;
; Family                             ; Cyclone IV E                                ;
; Device                             ; EP4CE115F29C7                               ;
; Timing Models                      ; Final                                       ;
; Total logic elements               ; 3,030 / 114,480 ( 3 % )                     ;
;     Total combinational functions  ; 2,729 / 114,480 ( 2 % )                     ;
;     Dedicated logic registers      ; 1,827 / 114,480 ( 2 % )                     ;
; Total registers                    ; 1827                                        ;
; Total pins                         ; 2 / 529 ( < 1 % )                           ;
; Total virtual pins                 ; 0                                           ;
; Total memory bits                  ; 145,088 / 3,981,312 ( 4 % )                 ;
; Embedded Multiplier 9-bit elements ; 4 / 532 ( < 1 % )                           ;
; Total PLLs                         ; 0 / 4 ( 0 % )                               ;
+------------------------------------+---------------------------------------------+


+-----------------------------------------+
; Flow Settings                           ;
+-------------------+---------------------+
; Option            ; Setting             ;
+-------------------+---------------------+
; Start date & time ; 04/21/2021 10:26:03 ;
; Main task         ; Compilation         ;
; Revision Name     ; hello_world         ;
+-------------------+---------------------+


+-------------------------------------------------------------------------------------------------------------------------------------------------------------------------------------+
; Flow Non-Default Global Settings                                                                                                                                                    ;
+-------------------------------------+---------------------------------------------------------------+---------------+--------------------------------------------------+------------+
; Assignment Name                     ; Value                                                         ; Default Value ; Entity Name                                      ; Section Id ;
+-------------------------------------+---------------------------------------------------------------+---------------+--------------------------------------------------+------------+
; COMPILER_SIGNATURE_ID               ; 5307253546220.161897196106120                                 ; --            ; --                                               ; --         ;
; IP_TOOL_ENV                         ; Qsys                                                          ; --            ; altera_avalon_sc_fifo                            ; --         ;
; IP_TOOL_ENV                         ; Qsys                                                          ; --            ; altera_merlin_master_agent                       ; --         ;
; IP_TOOL_ENV                         ; Qsys                                                          ; --            ; altera_merlin_master_translator                  ; --         ;
; IP_TOOL_ENV                         ; Qsys                                                          ; --            ; altera_merlin_slave_agent                        ; --         ;
; IP_TOOL_ENV                         ; Qsys                                                          ; --            ; altera_merlin_slave_translator                   ; --         ;
; IP_TOOL_ENV                         ; Qsys                                                          ; --            ; altera_merlin_traffic_limiter                    ; --         ;
; IP_TOOL_ENV                         ; Qsys                                                          ; --            ; altera_reset_controller                          ; --         ;
; IP_TOOL_ENV                         ; Qsys                                                          ; --            ; system_qsys                                      ; --         ;
; IP_TOOL_ENV                         ; Qsys                                                          ; --            ; system_qsys_irq_mapper                           ; --         ;
; IP_TOOL_ENV                         ; Qsys                                                          ; --            ; system_qsys_jtag_uart_0                          ; --         ;
; IP_TOOL_ENV                         ; Qsys                                                          ; --            ; system_qsys_mm_interconnect_0                    ; --         ;
; IP_TOOL_ENV                         ; Qsys                                                          ; --            ; system_qsys_mm_interconnect_0_addr_router        ; --         ;
; IP_TOOL_ENV                         ; Qsys                                                          ; --            ; system_qsys_mm_interconnect_0_addr_router_001    ; --         ;
; IP_TOOL_ENV                         ; Qsys                                                          ; --            ; system_qsys_mm_interconnect_0_cmd_xbar_demux     ; --         ;
; IP_TOOL_ENV                         ; Qsys                                                          ; --            ; system_qsys_mm_interconnect_0_cmd_xbar_demux_001 ; --         ;
; IP_TOOL_ENV                         ; Qsys                                                          ; --            ; system_qsys_mm_interconnect_0_cmd_xbar_mux       ; --         ;
; IP_TOOL_ENV                         ; Qsys                                                          ; --            ; system_qsys_mm_interconnect_0_cmd_xbar_mux_002   ; --         ;
; IP_TOOL_ENV                         ; Qsys                                                          ; --            ; system_qsys_mm_interconnect_0_id_router          ; --         ;
; IP_TOOL_ENV                         ; Qsys                                                          ; --            ; system_qsys_mm_interconnect_0_id_router_002      ; --         ;
; IP_TOOL_ENV                         ; Qsys                                                          ; --            ; system_qsys_mm_interconnect_0_rsp_xbar_demux     ; --         ;
; IP_TOOL_ENV                         ; Qsys                                                          ; --            ; system_qsys_mm_interconnect_0_rsp_xbar_demux_002 ; --         ;
; IP_TOOL_ENV                         ; Qsys                                                          ; --            ; system_qsys_mm_interconnect_0_rsp_xbar_mux       ; --         ;
; IP_TOOL_ENV                         ; Qsys                                                          ; --            ; system_qsys_mm_interconnect_0_rsp_xbar_mux_001   ; --         ;
; IP_TOOL_ENV                         ; Qsys                                                          ; --            ; system_qsys_nios2                                ; --         ;
; IP_TOOL_ENV                         ; Qsys                                                          ; --            ; system_qsys_ram                                  ; --         ;
; IP_TOOL_ENV                         ; Qsys                                                          ; --            ; system_qsys_sysid_qsys_0                         ; --         ;
; IP_TOOL_NAME                        ; altera_avalon_sc_fifo                                         ; --            ; altera_avalon_sc_fifo                            ; --         ;
; IP_TOOL_NAME                        ; altera_merlin_master_agent                                    ; --            ; altera_merlin_master_agent                       ; --         ;
; IP_TOOL_NAME                        ; altera_merlin_master_translator                               ; --            ; altera_merlin_master_translator                  ; --         ;
; IP_TOOL_NAME                        ; altera_merlin_slave_agent                                     ; --            ; altera_merlin_slave_agent                        ; --         ;
; IP_TOOL_NAME                        ; altera_merlin_slave_translator                                ; --            ; altera_merlin_slave_translator                   ; --         ;
; IP_TOOL_NAME                        ; altera_merlin_traffic_limiter                                 ; --            ; altera_merlin_traffic_limiter                    ; --         ;
; IP_TOOL_NAME                        ; altera_reset_controller                                       ; --            ; altera_reset_controller                          ; --         ;
; IP_TOOL_NAME                        ; Qsys                                                          ; --            ; system_qsys                                      ; --         ;
; IP_TOOL_NAME                        ; altera_irq_mapper                                             ; --            ; system_qsys_irq_mapper                           ; --         ;
; IP_TOOL_NAME                        ; altera_avalon_jtag_uart                                       ; --            ; system_qsys_jtag_uart_0                          ; --         ;
; IP_TOOL_NAME                        ; altera_merlin_interconnect_wrapper                            ; --            ; system_qsys_mm_interconnect_0                    ; --         ;
; IP_TOOL_NAME                        ; altera_merlin_router                                          ; --            ; system_qsys_mm_interconnect_0_addr_router        ; --         ;
; IP_TOOL_NAME                        ; altera_merlin_router                                          ; --            ; system_qsys_mm_interconnect_0_addr_router_001    ; --         ;
; IP_TOOL_NAME                        ; altera_merlin_demultiplexer                                   ; --            ; system_qsys_mm_interconnect_0_cmd_xbar_demux     ; --         ;
; IP_TOOL_NAME                        ; altera_merlin_demultiplexer                                   ; --            ; system_qsys_mm_interconnect_0_cmd_xbar_demux_001 ; --         ;
; IP_TOOL_NAME                        ; altera_merlin_multiplexer                                     ; --            ; system_qsys_mm_interconnect_0_cmd_xbar_mux       ; --         ;
; IP_TOOL_NAME                        ; altera_merlin_multiplexer                                     ; --            ; system_qsys_mm_interconnect_0_cmd_xbar_mux_002   ; --         ;
; IP_TOOL_NAME                        ; altera_merlin_router                                          ; --            ; system_qsys_mm_interconnect_0_id_router          ; --         ;
; IP_TOOL_NAME                        ; altera_merlin_router                                          ; --            ; system_qsys_mm_interconnect_0_id_router_002      ; --         ;
; IP_TOOL_NAME                        ; altera_merlin_demultiplexer                                   ; --            ; system_qsys_mm_interconnect_0_rsp_xbar_demux     ; --         ;
; IP_TOOL_NAME                        ; altera_merlin_demultiplexer                                   ; --            ; system_qsys_mm_interconnect_0_rsp_xbar_demux_002 ; --         ;
; IP_TOOL_NAME                        ; altera_merlin_multiplexer                                     ; --            ; system_qsys_mm_interconnect_0_rsp_xbar_mux       ; --         ;
; IP_TOOL_NAME                        ; altera_merlin_multiplexer                                     ; --            ; system_qsys_mm_interconnect_0_rsp_xbar_mux_001   ; --         ;
; IP_TOOL_NAME                        ; altera_nios2_qsys                                             ; --            ; system_qsys_nios2                                ; --         ;
; IP_TOOL_NAME                        ; altera_avalon_onchip_memory2                                  ; --            ; system_qsys_ram                                  ; --         ;
; IP_TOOL_NAME                        ; altera_avalon_sysid_qsys                                      ; --            ; system_qsys_sysid_qsys_0                         ; --         ;
; IP_TOOL_VERSION                     ; 13.1                                                          ; --            ; altera_avalon_sc_fifo                            ; --         ;
; IP_TOOL_VERSION                     ; 13.1                                                          ; --            ; altera_merlin_master_agent                       ; --         ;
; IP_TOOL_VERSION                     ; 13.1                                                          ; --            ; altera_merlin_master_translator                  ; --         ;
; IP_TOOL_VERSION                     ; 13.1                                                          ; --            ; altera_merlin_slave_agent                        ; --         ;
; IP_TOOL_VERSION                     ; 13.1                                                          ; --            ; altera_merlin_slave_translator                   ; --         ;
; IP_TOOL_VERSION                     ; 13.1                                                          ; --            ; altera_merlin_traffic_limiter                    ; --         ;
; IP_TOOL_VERSION                     ; 13.1                                                          ; --            ; altera_reset_controller                          ; --         ;
; IP_TOOL_VERSION                     ; 13.1                                                          ; --            ; system_qsys                                      ; --         ;
; IP_TOOL_VERSION                     ; 13.1                                                          ; --            ; system_qsys_irq_mapper                           ; --         ;
; IP_TOOL_VERSION                     ; 13.1                                                          ; --            ; system_qsys_jtag_uart_0                          ; --         ;
; IP_TOOL_VERSION                     ; 13.1                                                          ; --            ; system_qsys_mm_interconnect_0                    ; --         ;
; IP_TOOL_VERSION                     ; 13.1                                                          ; --            ; system_qsys_mm_interconnect_0_addr_router        ; --         ;
; IP_TOOL_VERSION                     ; 13.1                                                          ; --            ; system_qsys_mm_interconnect_0_addr_router_001    ; --         ;
; IP_TOOL_VERSION                     ; 13.1                                                          ; --            ; system_qsys_mm_interconnect_0_cmd_xbar_demux     ; --         ;
; IP_TOOL_VERSION                     ; 13.1                                                          ; --            ; system_qsys_mm_interconnect_0_cmd_xbar_demux_001 ; --         ;
; IP_TOOL_VERSION                     ; 13.1                                                          ; --            ; system_qsys_mm_interconnect_0_cmd_xbar_mux       ; --         ;
; IP_TOOL_VERSION                     ; 13.1                                                          ; --            ; system_qsys_mm_interconnect_0_cmd_xbar_mux_002   ; --         ;
; IP_TOOL_VERSION                     ; 13.1                                                          ; --            ; system_qsys_mm_interconnect_0_id_router          ; --         ;
; IP_TOOL_VERSION                     ; 13.1                                                          ; --            ; system_qsys_mm_interconnect_0_id_router_002      ; --         ;
; IP_TOOL_VERSION                     ; 13.1                                                          ; --            ; system_qsys_mm_interconnect_0_rsp_xbar_demux     ; --         ;
; IP_TOOL_VERSION                     ; 13.1                                                          ; --            ; system_qsys_mm_interconnect_0_rsp_xbar_demux_002 ; --         ;
; IP_TOOL_VERSION                     ; 13.1                                                          ; --            ; system_qsys_mm_interconnect_0_rsp_xbar_mux       ; --         ;
; IP_TOOL_VERSION                     ; 13.1                                                          ; --            ; system_qsys_mm_interconnect_0_rsp_xbar_mux_001   ; --         ;
; IP_TOOL_VERSION                     ; 13.1                                                          ; --            ; system_qsys_nios2                                ; --         ;
; IP_TOOL_VERSION                     ; 13.1                                                          ; --            ; system_qsys_ram                                  ; --         ;
; IP_TOOL_VERSION                     ; 13.1                                                          ; --            ; system_qsys_sysid_qsys_0                         ; --         ;
; MAX_CORE_JUNCTION_TEMP              ; 85                                                            ; --            ; --                                               ; --         ;
; MIN_CORE_JUNCTION_TEMP              ; 0                                                             ; --            ; --                                               ; --         ;
; MISC_FILE                           ; qsys/system_qsys/synthesis/../../system_qsys.cmp              ; --            ; --                                               ; --         ;
; MISC_FILE                           ; qsys/system_qsys/synthesis/../../system_qsys.qsys             ; --            ; --                                               ; --         ;
; NOMINAL_CORE_SUPPLY_VOLTAGE         ; 1.2V                                                          ; --            ; --                                               ; --         ;
; PARTITION_COLOR                     ; 16764057                                                      ; --            ; --                                               ; Top        ;
; PARTITION_FITTER_PRESERVATION_LEVEL ; PLACEMENT_AND_ROUTING                                         ; --            ; --                                               ; Top        ;
; PARTITION_NETLIST_TYPE              ; SOURCE                                                        ; --            ; --                                               ; Top        ;
; PROJECT_OUTPUT_DIRECTORY            ; output_files                                                  ; --            ; --                                               ; --         ;
; SLD_FILE                            ; qsys/system_qsys/synthesis/system_qsys.regmap                 ; --            ; --                                               ; --         ;
; SLD_FILE                            ; qsys/system_qsys/synthesis/system_qsys.debuginfo              ; --            ; --                                               ; --         ;
; SLD_INFO                            ; QSYS_NAME system_qsys HAS_SOPCINFO 1 GENERATION_ID 1618970290 ; --            ; system_qsys                                      ; --         ;
; SOPCINFO_FILE                       ; qsys/system_qsys/synthesis/../../system_qsys.sopcinfo         ; --            ; --                                               ; --         ;
; SYNTHESIS_ONLY_QIP                  ; On                                                            ; --            ; --                                               ; --         ;
+-------------------------------------+---------------------------------------------------------------+---------------+--------------------------------------------------+------------+


+-------------------------------------------------------------------------------------------------------------------------------+
; Flow Elapsed Time                                                                                                             ;
+---------------------------+--------------+-------------------------+---------------------+------------------------------------+
; Module Name               ; Elapsed Time ; Average Processors Used ; Peak Virtual Memory ; Total CPU Time (on all processors) ;
+---------------------------+--------------+-------------------------+---------------------+------------------------------------+
; Analysis & Synthesis      ; 00:00:27     ; 1.0                     ; 4802 MB             ; 00:00:17                           ;
; Fitter                    ; 00:00:26     ; 1.6                     ; 5671 MB             ; 00:00:36                           ;
; Assembler                 ; 00:00:06     ; 1.0                     ; 4634 MB             ; 00:00:06                           ;
; TimeQuest Timing Analyzer ; 00:00:06     ; 1.0                     ; 4786 MB             ; 00:00:05                           ;
; Total                     ; 00:01:05     ; --                      ; --                  ; 00:01:04                           ;
+---------------------------+--------------+-------------------------+---------------------+------------------------------------+


+----------------------------------------------------------------------------------------+
; Flow OS Summary                                                                        ;
+---------------------------+------------------+-----------+------------+----------------+
; Module Name               ; Machine Hostname ; OS Name   ; OS Version ; Processor type ;
+---------------------------+------------------+-----------+------------+----------------+
; Analysis & Synthesis      ; SD-20201210FKAA  ; Windows 7 ; 6.2        ; x86_64         ;
; Fitter                    ; SD-20201210FKAA  ; Windows 7 ; 6.2        ; x86_64         ;
; Assembler                 ; SD-20201210FKAA  ; Windows 7 ; 6.2        ; x86_64         ;
; TimeQuest Timing Analyzer ; SD-20201210FKAA  ; Windows 7 ; 6.2        ; x86_64         ;
+---------------------------+------------------+-----------+------------+----------------+


------------
; Flow Log ;
------------
quartus_map --read_settings_files=on --write_settings_files=off hello_world -c hello_world
quartus_fit --read_settings_files=off --write_settings_files=off hello_world -c hello_world
quartus_asm --read_settings_files=off --write_settings_files=off hello_world -c hello_world
quartus_sta hello_world -c hello_world



